<?xml version="1.0" encoding="UTF-8"?>
<testsuite name="com.kodilla.spring.forum.ForumUserTestSuite" tests="1" skipped="0" failures="0" errors="0" timestamp="2023-08-27T15:31:46" hostname="SZYMON2020" time="0.861">
  <properties/>
  <testcase name="testGetUsername()" classname="com.kodilla.spring.forum.ForumUserTestSuite" time="0.861"/>
  <system-out><![CDATA[17:31:45.671 [Test worker] INFO org.springframework.test.context.support.AnnotationConfigContextLoaderUtils -- Could not detect default configuration classes for test class [com.kodilla.spring.forum.ForumUserTestSuite]: ForumUserTestSuite does not declare any static, non-private, non-final, nested classes annotated with @Configuration.
17:31:45.772 [Test worker] INFO org.springframework.boot.test.context.SpringBootTestContextBootstrapper -- Found @SpringBootConfiguration com.kodilla.spring.KodillaSpringApplication for test class com.kodilla.spring.forum.ForumUserTestSuite

  .   ____          _            __ _ _
 /\\ / ___'_ __ _ _(_)_ __  __ _ \ \ \ \
( ( )\___ | '_ | '_| | '_ \/ _` | \ \ \ \
 \\/  ___)| |_)| | | | | || (_| |  ) ) ) )
  '  |____| .__|_| |_|_| |_\__, | / / / /
 =========|_|==============|___/=/_/_/_/
 :: Spring Boot ::                (v3.1.3)

2023-08-27T17:31:46.177+02:00  INFO 11924 --- [    Test worker] c.k.spring.forum.ForumUserTestSuite      : Starting ForumUserTestSuite using Java 17.0.7 with PID 11924 (started by Szymon in C:\dev\kodilla-course\kodilla\kodilla-spring)
2023-08-27T17:31:46.179+02:00  INFO 11924 --- [    Test worker] c.k.spring.forum.ForumUserTestSuite      : No active profile set, falling back to 1 default profile: "default"
2023-08-27T17:31:46.654+02:00  INFO 11924 --- [    Test worker] c.k.spring.forum.ForumUserTestSuite      : Started ForumUserTestSuite in 0.692 seconds (process running for 1.795)
]]></system-out>
  <system-err><![CDATA[]]></system-err>
</testsuite>
